app/build/intermediates/manifest_merge_blame_file/debug/processDebugMainManifest/manifest-merger-blame-debug-report.txt
1<?xml version="1.0" encoding="utf-8"?>
2<manifest xmlns:android="http://schemas.android.com/apk/res/android"
3    package="com.aurora.browser"
4    android:versionCode="1"
5    android:versionName="0.0.1" >
6
7    <uses-sdk
8        android:minSdkVersion="26"
9        android:targetSdkVersion="34" />
10
11    <!-- Networking: the Java fetch layer + the C backend both need this. -->
12    <uses-permission android:name="android.permission.INTERNET" />
12-->src\main\AndroidManifest.xml:5:5-67
12-->src\main\AndroidManifest.xml:5:22-64
13    <uses-permission
13-->src\main\AndroidManifest.xml:6:5-107
14        android:name="android.permission.READ_EXTERNAL_STORAGE"
14-->src\main\AndroidManifest.xml:6:22-77
15        android:maxSdkVersion="29" />
15-->src\main\AndroidManifest.xml:6:78-104
16    <uses-permission
16-->src\main\AndroidManifest.xml:7:5-108
17        android:name="android.permission.WRITE_EXTERNAL_STORAGE"
17-->src\main\AndroidManifest.xml:7:22-78
18        android:maxSdkVersion="29" />
18-->src\main\AndroidManifest.xml:7:79-105
19    <!-- For Android 13+ (API 33+), storage permissions changed to granular types: -->
20    <uses-permission android:name="android.permission.READ_MEDIA_IMAGES" />
20-->src\main\AndroidManifest.xml:9:5-76
20-->src\main\AndroidManifest.xml:9:22-73
21    <uses-permission android:name="android.permission.READ_MEDIA_VIDEO" />
21-->src\main\AndroidManifest.xml:10:5-75
21-->src\main\AndroidManifest.xml:10:22-72
22
23    <permission
23-->[androidx.core:core:1.13.0] AndroidManifest.xml:22:5-24:47
24        android:name="com.aurora.browser.DYNAMIC_RECEIVER_NOT_EXPORTED_PERMISSION"
24-->[androidx.core:core:1.13.0] AndroidManifest.xml:23:9-81
25        android:protectionLevel="signature" />
25-->[androidx.core:core:1.13.0] AndroidManifest.xml:24:9-44
26
27    <uses-permission android:name="com.aurora.browser.DYNAMIC_RECEIVER_NOT_EXPORTED_PERMISSION" />
27-->[androidx.core:core:1.13.0] AndroidManifest.xml:26:5-97
27-->[androidx.core:core:1.13.0] AndroidManifest.xml:26:22-94
28
29    <application
29-->src\main\AndroidManifest.xml:12:5-41:19
30        android:name="com.aurora.browser.AuroraApplication"
30-->src\main\AndroidManifest.xml:13:9-42
31        android:allowBackup="true"
31-->src\main\AndroidManifest.xml:14:9-35
32        android:appComponentFactory="androidx.core.app.CoreComponentFactory"
32-->[androidx.core:core:1.13.0] AndroidManifest.xml:28:18-86
33        android:debuggable="true"
34        android:extractNativeLibs="false"
35        android:hardwareAccelerated="true"
35-->src\main\AndroidManifest.xml:19:9-43
36        android:icon="@mipmap/ic_launcher"
36-->src\main\AndroidManifest.xml:15:9-43
37        android:label="@string/app_name"
37-->src\main\AndroidManifest.xml:16:9-41
38        android:testOnly="false"
38-->src\main\AndroidManifest.xml:20:9-33
39        android:theme="@style/Theme.Aurora"
39-->src\main\AndroidManifest.xml:17:9-44
40        android:usesCleartextTraffic="false" >
40-->src\main\AndroidManifest.xml:18:9-45
41        <activity
41-->src\main\AndroidManifest.xml:23:9-40:20
42            android:name="com.aurora.browser.BrowserActivity"
42-->src\main\AndroidManifest.xml:24:13-44
43            android:configChanges="orientation|screenSize|keyboardHidden"
43-->src\main\AndroidManifest.xml:26:13-74
44            android:exported="true"
44-->src\main\AndroidManifest.xml:25:13-36
45            android:launchMode="singleTask" >
45-->src\main\AndroidManifest.xml:27:13-44
46            <intent-filter>
46-->src\main\AndroidManifest.xml:28:13-31:29
47                <action android:name="android.intent.action.MAIN" />
47-->src\main\AndroidManifest.xml:29:17-69
47-->src\main\AndroidManifest.xml:29:25-66
48
49                <category android:name="android.intent.category.LAUNCHER" />
49-->src\main\AndroidManifest.xml:30:17-77
49-->src\main\AndroidManifest.xml:30:27-74
50            </intent-filter>
51            <!-- Register as a browser so links open here. -->
52            <intent-filter>
52-->src\main\AndroidManifest.xml:33:13-39:29
53                <action android:name="android.intent.action.VIEW" />
53-->src\main\AndroidManifest.xml:34:17-69
53-->src\main\AndroidManifest.xml:34:25-66
54
55                <category android:name="android.intent.category.DEFAULT" />
55-->src\main\AndroidManifest.xml:35:17-76
55-->src\main\AndroidManifest.xml:35:27-73
56                <category android:name="android.intent.category.BROWSABLE" />
56-->src\main\AndroidManifest.xml:36:17-78
56-->src\main\AndroidManifest.xml:36:27-75
57
58                <data android:scheme="http" />
58-->src\main\AndroidManifest.xml:37:17-47
58-->src\main\AndroidManifest.xml:37:23-44
59                <data android:scheme="https" />
59-->src\main\AndroidManifest.xml:37:17-47
59-->src\main\AndroidManifest.xml:37:23-44
60            </intent-filter>
61        </activity>
62
63        <provider
63-->[androidx.emoji2:emoji2:1.3.0] AndroidManifest.xml:24:9-32:20
64            android:name="androidx.startup.InitializationProvider"
64-->[androidx.emoji2:emoji2:1.3.0] AndroidManifest.xml:25:13-67
65            android:authorities="com.aurora.browser.androidx-startup"
65-->[androidx.emoji2:emoji2:1.3.0] AndroidManifest.xml:26:13-68
66            android:exported="false" >
66-->[androidx.emoji2:emoji2:1.3.0] AndroidManifest.xml:27:13-37
67            <meta-data
67-->[androidx.emoji2:emoji2:1.3.0] AndroidManifest.xml:29:13-31:52
68                android:name="androidx.emoji2.text.EmojiCompatInitializer"
68-->[androidx.emoji2:emoji2:1.3.0] AndroidManifest.xml:30:17-75
69                android:value="androidx.startup" />
69-->[androidx.emoji2:emoji2:1.3.0] AndroidManifest.xml:31:17-49
70            <meta-data
70-->[androidx.lifecycle:lifecycle-process:2.8.4] AndroidManifest.xml:29:13-31:52
71                android:name="androidx.lifecycle.ProcessLifecycleInitializer"
71-->[androidx.lifecycle:lifecycle-process:2.8.4] AndroidManifest.xml:30:17-78
72                android:value="androidx.startup" />
72-->[androidx.lifecycle:lifecycle-process:2.8.4] AndroidManifest.xml:31:17-49
73            <meta-data
73-->[androidx.profileinstaller:profileinstaller:1.3.1] AndroidManifest.xml:29:13-31:52
74                android:name="androidx.profileinstaller.ProfileInstallerInitializer"
74-->[androidx.profileinstaller:profileinstaller:1.3.1] AndroidManifest.xml:30:17-85
75                android:value="androidx.startup" />
75-->[androidx.profileinstaller:profileinstaller:1.3.1] AndroidManifest.xml:31:17-49
76        </provider>
77
78        <receiver
78-->[androidx.profileinstaller:profileinstaller:1.3.1] AndroidManifest.xml:34:9-52:20
79            android:name="androidx.profileinstaller.ProfileInstallReceiver"
79-->[androidx.profileinstaller:profileinstaller:1.3.1] AndroidManifest.xml:35:13-76
80            android:directBootAware="false"
80-->[androidx.profileinstaller:profileinstaller:1.3.1] AndroidManifest.xml:36:13-44
81            android:enabled="true"
81-->[androidx.profileinstaller:profileinstaller:1.3.1] AndroidManifest.xml:37:13-35
82            android:exported="true"
82-->[androidx.profileinstaller:profileinstaller:1.3.1] AndroidManifest.xml:38:13-36
83            android:permission="android.permission.DUMP" >
83-->[androidx.profileinstaller:profileinstaller:1.3.1] AndroidManifest.xml:39:13-57
84            <intent-filter>
84-->[androidx.profileinstaller:profileinstaller:1.3.1] AndroidManifest.xml:40:13-42:29
85                <action android:name="androidx.profileinstaller.action.INSTALL_PROFILE" />
85-->[androidx.profileinstaller:profileinstaller:1.3.1] AndroidManifest.xml:41:17-91
85-->[androidx.profileinstaller:profileinstaller:1.3.1] AndroidManifest.xml:41:25-88
86            </intent-filter>
87            <intent-filter>
87-->[androidx.profileinstaller:profileinstaller:1.3.1] AndroidManifest.xml:43:13-45:29
88                <action android:name="androidx.profileinstaller.action.SKIP_FILE" />
88-->[androidx.profileinstaller:profileinstaller:1.3.1] AndroidManifest.xml:44:17-85
88-->[androidx.profileinstaller:profileinstaller:1.3.1] AndroidManifest.xml:44:25-82
89            </intent-filter>
90            <intent-filter>
90-->[androidx.profileinstaller:profileinstaller:1.3.1] AndroidManifest.xml:46:13-48:29
91                <action android:name="androidx.profileinstaller.action.SAVE_PROFILE" />
91-->[androidx.profileinstaller:profileinstaller:1.3.1] AndroidManifest.xml:47:17-88
91-->[androidx.profileinstaller:profileinstaller:1.3.1] AndroidManifest.xml:47:25-85
92            </intent-filter>
93            <intent-filter>
93-->[androidx.profileinstaller:profileinstaller:1.3.1] AndroidManifest.xml:49:13-51:29
94                <action android:name="androidx.profileinstaller.action.BENCHMARK_OPERATION" />
94-->[androidx.profileinstaller:profileinstaller:1.3.1] AndroidManifest.xml:50:17-95
94-->[androidx.profileinstaller:profileinstaller:1.3.1] AndroidManifest.xml:50:25-92
95            </intent-filter>
96        </receiver>
97    </application>
98
99</manifest>